<?xml version="1.0" encoding="UTF-8"?>
<!-- Generated by org.testng.reporters.JUnitXMLReporter -->
<testsuite ignored="8" hostname="DESKTOP-UE5CFQV" failures="0" tests="1" name="RegressionTest" time="2.253" errors="0" timestamp="2025-02-18T11:25:32 IST">
  <testcase classname="My_store_test_cases.ordertestPages" name="@BeforeMethod setUp" time="2.166">
    <failure type="java.lang.NullPointerException" message="Cannot invoke &amp;quot;java.util.Properties.getProperty(String)&amp;quot; because &amp;quot;store.Base.BaseClass.prop&amp;quot; is null">
      <![CDATA[java.lang.NullPointerException: Cannot invoke "java.util.Properties.getProperty(String)" because "store.Base.BaseClass.prop" is null
at store.Base.BaseClass.launchApp(BaseClass.java:61)
at My_store_test_cases.ordertestPages.setUp(ordertestPages.java:36)
at java.base/java.util.ArrayList.forEach(ArrayList.java:1597)
... Removed 29 stack frames]]>
    </failure>
  </testcase> <!-- @BeforeMethod setUp -->
  <testcase classname="My_store_test_cases.ordertestPages" name="verifyTotalPrise" time="0.0">
    <skipped/>
  </testcase> <!-- verifyTotalPrise -->
  <testcase classname="My_store_test_cases.Search_result_page_TestJava" name="ProductAvalibalityTest" time="0.0">
    <ignored/>
  </testcase> <!-- ProductAvalibalityTest -->
  <testcase classname="My_store_test_cases.Login_Page_Test" name="LoginTest" time="0.0">
    <ignored/>
  </testcase> <!-- LoginTest -->
  <testcase classname="My_store_test_cases.Index_test_page" name="VerifyLogo" time="0.0">
    <ignored/>
  </testcase> <!-- VerifyLogo -->
  <testcase classname="My_store_test_cases.OrderSummertyTest" name="verifyOrder" time="0.0">
    <ignored/>
  </testcase> <!-- verifyOrder -->
  <testcase classname="My_store_test_cases.Index_test_page" name="verifyTitle" time="0.0">
    <ignored/>
  </testcase> <!-- verifyTitle -->
  <testcase classname="My_store_test_cases.AcountcreationPagetest" name="verifyCreateAcontPage" time="0.0">
    <ignored/>
  </testcase> <!-- verifyCreateAcontPage -->
  <testcase classname="My_store_test_cases.HomePagetest" name="Validate_my_adress" time="0.0">
    <ignored/>
  </testcase> <!-- Validate_my_adress -->
  <testcase classname="My_store_test_cases.AddTocartTest" name="addToCartPage" time="0.0">
    <ignored/>
  </testcase> <!-- addToCartPage -->
</testsuite> <!-- RegressionTest -->
