<?xml version="1.0" encoding="UTF-8"?>
<!-- Generated by org.testng.reporters.JUnitXMLReporter -->
<testsuite ignored="5" hostname="DESKTOP-UE5CFQV" failures="0" tests="4" name="sanity" time="7.311" errors="0" timestamp="2025-02-18T12:05:01 IST">
  <testcase classname="My_store_test_cases.AddTocartTest" name="@BeforeMethod setUp" time="2.02">
    <failure type="java.lang.NullPointerException" message="Cannot invoke &amp;quot;java.util.Properties.getProperty(String)&amp;quot; because &amp;quot;store.Base.BaseClass.prop&amp;quot; is null">
      <![CDATA[java.lang.NullPointerException: Cannot invoke "java.util.Properties.getProperty(String)" because "store.Base.BaseClass.prop" is null
at store.Base.BaseClass.launchApp(BaseClass.java:66)
at My_store_test_cases.AddTocartTest.setUp(AddTocartTest.java:32)
at java.base/java.util.ArrayList.forEach(ArrayList.java:1597)
... Removed 29 stack frames]]>
    </failure>
  </testcase> <!-- @BeforeMethod setUp -->
  <testcase classname="My_store_test_cases.HomePagetest" name="@BeforeMethod setUp" time="1.425">
    <failure type="java.lang.NullPointerException" message="Cannot invoke &amp;quot;java.util.Properties.getProperty(String)&amp;quot; because &amp;quot;store.Base.BaseClass.prop&amp;quot; is null">
      <![CDATA[java.lang.NullPointerException: Cannot invoke "java.util.Properties.getProperty(String)" because "store.Base.BaseClass.prop" is null
at store.Base.BaseClass.launchApp(BaseClass.java:66)
at My_store_test_cases.HomePagetest.setUp(HomePagetest.java:24)
at java.base/java.util.ArrayList.forEach(ArrayList.java:1597)
... Removed 29 stack frames]]>
    </failure>
  </testcase> <!-- @BeforeMethod setUp -->
  <testcase classname="My_store_test_cases.OrderSummertyTest" name="@BeforeMethod setUp" time="1.839">
    <failure type="java.lang.NullPointerException" message="Cannot invoke &amp;quot;java.util.Properties.getProperty(String)&amp;quot; because &amp;quot;store.Base.BaseClass.prop&amp;quot; is null">
      <![CDATA[java.lang.NullPointerException: Cannot invoke "java.util.Properties.getProperty(String)" because "store.Base.BaseClass.prop" is null
at store.Base.BaseClass.launchApp(BaseClass.java:66)
at My_store_test_cases.OrderSummertyTest.setUp(OrderSummertyTest.java:48)
at java.base/java.util.ArrayList.forEach(ArrayList.java:1597)
... Removed 29 stack frames]]>
    </failure>
  </testcase> <!-- @BeforeMethod setUp -->
  <testcase classname="My_store_test_cases.Search_result_page_TestJava" name="@BeforeMethod setUp" time="1.874">
    <failure type="java.lang.NullPointerException" message="Cannot invoke &amp;quot;java.util.Properties.getProperty(String)&amp;quot; because &amp;quot;store.Base.BaseClass.prop&amp;quot; is null">
      <![CDATA[java.lang.NullPointerException: Cannot invoke "java.util.Properties.getProperty(String)" because "store.Base.BaseClass.prop" is null
at store.Base.BaseClass.launchApp(BaseClass.java:66)
at My_store_test_cases.Search_result_page_TestJava.setUp(Search_result_page_TestJava.java:28)
at java.base/java.util.ArrayList.forEach(ArrayList.java:1597)
... Removed 29 stack frames]]>
    </failure>
  </testcase> <!-- @BeforeMethod setUp -->
  <testcase classname="My_store_test_cases.AddTocartTest" name="addToCartPage" time="0.0">
    <skipped/>
  </testcase> <!-- addToCartPage -->
  <testcase classname="My_store_test_cases.HomePagetest" name="Validate_my_adress" time="0.0">
    <skipped/>
  </testcase> <!-- Validate_my_adress -->
  <testcase classname="My_store_test_cases.OrderSummertyTest" name="verifyOrder" time="0.0">
    <skipped/>
  </testcase> <!-- verifyOrder -->
  <testcase classname="My_store_test_cases.Search_result_page_TestJava" name="ProductAvalibalityTest" time="0.0">
    <skipped/>
  </testcase> <!-- ProductAvalibalityTest -->
  <testcase classname="My_store_test_cases.ordertestPages" name="verifyTotalPrise" time="0.0">
    <ignored/>
  </testcase> <!-- verifyTotalPrise -->
  <testcase classname="My_store_test_cases.Login_Page_Test" name="LoginTest" time="0.0">
    <ignored/>
  </testcase> <!-- LoginTest -->
  <testcase classname="My_store_test_cases.Index_test_page" name="VerifyLogo" time="0.0">
    <ignored/>
  </testcase> <!-- VerifyLogo -->
  <testcase classname="My_store_test_cases.Index_test_page" name="verifyTitle" time="0.0">
    <ignored/>
  </testcase> <!-- verifyTitle -->
  <testcase classname="My_store_test_cases.AcountcreationPagetest" name="verifyCreateAcontPage" time="0.0">
    <ignored/>
  </testcase> <!-- verifyCreateAcontPage -->
</testsuite> <!-- sanity -->
