<?xml version="1.0" encoding="UTF-8"?>
<!-- Generated by org.testng.reporters.JUnitXMLReporter -->
<testsuite ignored="4" hostname="DESKTOP-UE5CFQV" failures="2" tests="5" name="smoke" time="4.921" errors="0" timestamp="2025-02-18T12:16:30 IST">
  <testcase classname="My_store_test_cases.AcountcreationPagetest" name="@BeforeMethod setUp" time="1.875">
    <failure type="java.lang.NullPointerException" message="Cannot invoke &amp;quot;java.util.Properties.getProperty(String)&amp;quot; because &amp;quot;store.Base.BaseClass.prop&amp;quot; is null">
      <![CDATA[java.lang.NullPointerException: Cannot invoke "java.util.Properties.getProperty(String)" because "store.Base.BaseClass.prop" is null
at store.Base.BaseClass.launchApp(BaseClass.java:61)
at My_store_test_cases.AcountcreationPagetest.setUp(AcountcreationPagetest.java:23)
at java.base/java.util.ArrayList.forEach(ArrayList.java:1597)
... Removed 29 stack frames]]>
    </failure>
  </testcase> <!-- @BeforeMethod setUp -->
  <testcase classname="My_store_test_cases.AcountcreationPagetest" name="@AfterMethod Teardown" time="0.0">
    <skipped/>
  </testcase> <!-- @AfterMethod Teardown -->
  <testcase classname="My_store_test_cases.Login_Page_Test" name="@BeforeMethod setUp" time="1.136">
    <failure type="java.lang.NullPointerException" message="Cannot invoke &amp;quot;java.util.Properties.getProperty(String)&amp;quot; because &amp;quot;store.Base.BaseClass.prop&amp;quot; is null">
      <![CDATA[java.lang.NullPointerException: Cannot invoke "java.util.Properties.getProperty(String)" because "store.Base.BaseClass.prop" is null
at store.Base.BaseClass.launchApp(BaseClass.java:61)
at My_store_test_cases.Login_Page_Test.setUp(Login_Page_Test.java:22)
at java.base/java.util.ArrayList.forEach(ArrayList.java:1597)
... Removed 29 stack frames]]>
    </failure>
  </testcase> <!-- @BeforeMethod setUp -->
  <testcase classname="My_store_test_cases.Search_result_page_TestJava" name="@BeforeMethod setUp" time="1.719">
    <failure type="java.lang.NullPointerException" message="Cannot invoke &amp;quot;java.util.Properties.getProperty(String)&amp;quot; because &amp;quot;store.Base.BaseClass.prop&amp;quot; is null">
      <![CDATA[java.lang.NullPointerException: Cannot invoke "java.util.Properties.getProperty(String)" because "store.Base.BaseClass.prop" is null
at store.Base.BaseClass.launchApp(BaseClass.java:61)
at My_store_test_cases.Search_result_page_TestJava.setUp(Search_result_page_TestJava.java:28)
at java.base/java.util.ArrayList.forEach(ArrayList.java:1597)
... Removed 29 stack frames]]>
    </failure>
  </testcase> <!-- @BeforeMethod setUp -->
  <testcase classname="My_store_test_cases.AcountcreationPagetest" name="verifyCreateAcontPage" time="0.0">
    <skipped/>
  </testcase> <!-- verifyCreateAcontPage -->
  <testcase classname="My_store_test_cases.Index_test_page" name="VerifyLogo" time="0.092">
    <failure type="java.lang.AssertionError" message="expected [true] but found [false]">
      <![CDATA[java.lang.AssertionError: expected [true] but found [false]
at My_store_test_cases.Index_test_page.VerifyLogo(Index_test_page.java:33)
at java.base/java.util.ArrayList.forEach(ArrayList.java:1597)
... Removed 29 stack frames]]>
    </failure>
  </testcase> <!-- VerifyLogo -->
  <testcase classname="My_store_test_cases.Index_test_page" name="verifyTitle" time="0.014">
    <failure type="java.lang.AssertionError" message="expected [My Store] but found []">
      <![CDATA[java.lang.AssertionError: expected [My Store] but found []
at My_store_test_cases.Index_test_page.verifyTitle(Index_test_page.java:39)
at java.base/java.util.ArrayList.forEach(ArrayList.java:1597)
... Removed 31 stack frames]]>
    </failure>
  </testcase> <!-- verifyTitle -->
  <testcase classname="My_store_test_cases.Login_Page_Test" name="LoginTest" time="0.0">
    <skipped/>
  </testcase> <!-- LoginTest -->
  <testcase classname="My_store_test_cases.Search_result_page_TestJava" name="ProductAvalibalityTest" time="0.0">
    <skipped/>
  </testcase> <!-- ProductAvalibalityTest -->
  <testcase classname="My_store_test_cases.ordertestPages" name="verifyTotalPrise" time="0.0">
    <ignored/>
  </testcase> <!-- verifyTotalPrise -->
  <testcase classname="My_store_test_cases.OrderSummertyTest" name="verifyOrder" time="0.0">
    <ignored/>
  </testcase> <!-- verifyOrder -->
  <testcase classname="My_store_test_cases.HomePagetest" name="Validate_my_adress" time="0.0">
    <ignored/>
  </testcase> <!-- Validate_my_adress -->
  <testcase classname="My_store_test_cases.AddTocartTest" name="addToCartPage" time="0.0">
    <ignored/>
  </testcase> <!-- addToCartPage -->
</testsuite> <!-- smoke -->
