<?xml version="1.0" encoding="UTF-8"?>
<!-- Generated by org.testng.reporters.JUnitXMLReporter -->
<testsuite ignored="7" hostname="DESKTOP-UE5CFQV" failures="0" tests="9" name="Test" time="2.39" errors="0" timestamp="2025-02-17T15:37:32 IST">
  <testcase classname="My_store_test_cases.AddTocartTest" name="@BeforeMethod setUp" time="2.1">
    <failure type="java.lang.NullPointerException" message="Cannot invoke &amp;quot;org.openqa.selenium.WebDriver.manage()&amp;quot; because &amp;quot;store.Base.BaseClass.driver&amp;quot; is null">
      <![CDATA[java.lang.NullPointerException: Cannot invoke "org.openqa.selenium.WebDriver.manage()" because "store.Base.BaseClass.driver" is null
at store.Base.BaseClass.launchApp(BaseClass.java:35)
at My_store_test_cases.AddTocartTest.setUp(AddTocartTest.java:32)
at java.base/java.util.ArrayList.forEach(ArrayList.java:1597)
... Removed 29 stack frames]]>
    </failure>
  </testcase> <!-- @BeforeMethod setUp -->
  <testcase classname="My_store_test_cases.AddTocartTest" name="@AfterMethod Teardown" time="0.0">
    <skipped/>
  </testcase> <!-- @AfterMethod Teardown -->
  <testcase classname="My_store_test_cases.HomePagetest" name="@BeforeMethod setUp" time="0.032">
    <failure type="java.lang.NullPointerException" message="Cannot invoke &amp;quot;org.openqa.selenium.WebDriver.manage()&amp;quot; because &amp;quot;store.Base.BaseClass.driver&amp;quot; is null">
      <![CDATA[java.lang.NullPointerException: Cannot invoke "org.openqa.selenium.WebDriver.manage()" because "store.Base.BaseClass.driver" is null
at store.Base.BaseClass.launchApp(BaseClass.java:35)
at My_store_test_cases.HomePagetest.setUp(HomePagetest.java:24)
at java.base/java.util.ArrayList.forEach(ArrayList.java:1597)
... Removed 29 stack frames]]>
    </failure>
  </testcase> <!-- @BeforeMethod setUp -->
  <testcase classname="My_store_test_cases.HomePagetest" name="@AfterMethod Teardown" time="0.0">
    <skipped/>
  </testcase> <!-- @AfterMethod Teardown -->
  <testcase classname="My_store_test_cases.AcountcreationPagetest" name="@BeforeMethod setUp" time="0.016">
    <failure type="java.lang.NullPointerException" message="Cannot invoke &amp;quot;org.openqa.selenium.WebDriver.manage()&amp;quot; because &amp;quot;store.Base.BaseClass.driver&amp;quot; is null">
      <![CDATA[java.lang.NullPointerException: Cannot invoke "org.openqa.selenium.WebDriver.manage()" because "store.Base.BaseClass.driver" is null
at store.Base.BaseClass.launchApp(BaseClass.java:35)
at My_store_test_cases.AcountcreationPagetest.setUp(AcountcreationPagetest.java:23)
at java.base/java.util.ArrayList.forEach(ArrayList.java:1597)
... Removed 29 stack frames]]>
    </failure>
  </testcase> <!-- @BeforeMethod setUp -->
  <testcase classname="My_store_test_cases.AcountcreationPagetest" name="@AfterMethod Teardown" time="0.0">
    <skipped/>
  </testcase> <!-- @AfterMethod Teardown -->
  <testcase classname="My_store_test_cases.Index_test_page" name="@BeforeMethod setUp" time="0.015">
    <failure type="java.lang.NullPointerException" message="Cannot invoke &amp;quot;org.openqa.selenium.WebDriver.manage()&amp;quot; because &amp;quot;store.Base.BaseClass.driver&amp;quot; is null">
      <![CDATA[java.lang.NullPointerException: Cannot invoke "org.openqa.selenium.WebDriver.manage()" because "store.Base.BaseClass.driver" is null
at store.Base.BaseClass.launchApp(BaseClass.java:35)
at My_store_test_cases.Index_test_page.setUp(Index_test_page.java:18)
at java.base/java.util.ArrayList.forEach(ArrayList.java:1597)
... Removed 29 stack frames]]>
    </failure>
  </testcase> <!-- @BeforeMethod setUp -->
  <testcase classname="My_store_test_cases.Index_test_page" name="@AfterMethod Teardown" time="0.0">
    <skipped/>
  </testcase> <!-- @AfterMethod Teardown -->
  <testcase classname="My_store_test_cases.Index_test_page" name="@BeforeMethod setUp" time="0.0">
    <skipped/>
  </testcase> <!-- @BeforeMethod setUp -->
  <testcase classname="My_store_test_cases.Index_test_page" name="@AfterMethod Teardown" time="0.0">
    <skipped/>
  </testcase> <!-- @AfterMethod Teardown -->
  <testcase classname="My_store_test_cases.Login_Page_Test" name="@BeforeMethod setUp" time="0.019">
    <failure type="java.lang.NullPointerException" message="Cannot invoke &amp;quot;org.openqa.selenium.WebDriver.manage()&amp;quot; because &amp;quot;store.Base.BaseClass.driver&amp;quot; is null">
      <![CDATA[java.lang.NullPointerException: Cannot invoke "org.openqa.selenium.WebDriver.manage()" because "store.Base.BaseClass.driver" is null
at store.Base.BaseClass.launchApp(BaseClass.java:35)
at My_store_test_cases.Login_Page_Test.setUp(Login_Page_Test.java:22)
at java.base/java.util.ArrayList.forEach(ArrayList.java:1597)
... Removed 29 stack frames]]>
    </failure>
  </testcase> <!-- @BeforeMethod setUp -->
  <testcase classname="My_store_test_cases.Login_Page_Test" name="@AfterMethod Teardown" time="0.0">
    <skipped/>
  </testcase> <!-- @AfterMethod Teardown -->
  <testcase classname="My_store_test_cases.OrderSummertyTest" name="@BeforeMethod setUp" time="0.019">
    <failure type="java.lang.NullPointerException" message="Cannot invoke &amp;quot;org.openqa.selenium.WebDriver.manage()&amp;quot; because &amp;quot;store.Base.BaseClass.driver&amp;quot; is null">
      <![CDATA[java.lang.NullPointerException: Cannot invoke "org.openqa.selenium.WebDriver.manage()" because "store.Base.BaseClass.driver" is null
at store.Base.BaseClass.launchApp(BaseClass.java:35)
at My_store_test_cases.OrderSummertyTest.setUp(OrderSummertyTest.java:48)
at java.base/java.util.ArrayList.forEach(ArrayList.java:1597)
... Removed 29 stack frames]]>
    </failure>
  </testcase> <!-- @BeforeMethod setUp -->
  <testcase classname="My_store_test_cases.OrderSummertyTest" name="@AfterMethod Teardown" time="0.0">
    <skipped/>
  </testcase> <!-- @AfterMethod Teardown -->
  <testcase classname="My_store_test_cases.ordertestPages" name="@BeforeMethod setUp" time="0.018">
    <failure type="java.lang.NullPointerException" message="Cannot invoke &amp;quot;org.openqa.selenium.WebDriver.manage()&amp;quot; because &amp;quot;store.Base.BaseClass.driver&amp;quot; is null">
      <![CDATA[java.lang.NullPointerException: Cannot invoke "org.openqa.selenium.WebDriver.manage()" because "store.Base.BaseClass.driver" is null
at store.Base.BaseClass.launchApp(BaseClass.java:35)
at My_store_test_cases.ordertestPages.setUp(ordertestPages.java:36)
at java.base/java.util.ArrayList.forEach(ArrayList.java:1597)
... Removed 29 stack frames]]>
    </failure>
  </testcase> <!-- @BeforeMethod setUp -->
  <testcase classname="My_store_test_cases.ordertestPages" name="@AfterMethod Teardown" time="0.0">
    <skipped/>
  </testcase> <!-- @AfterMethod Teardown -->
  <testcase classname="My_store_test_cases.Search_result_page_TestJava" name="@BeforeMethod setUp" time="0.019">
    <failure type="java.lang.NullPointerException" message="Cannot invoke &amp;quot;org.openqa.selenium.WebDriver.manage()&amp;quot; because &amp;quot;store.Base.BaseClass.driver&amp;quot; is null">
      <![CDATA[java.lang.NullPointerException: Cannot invoke "org.openqa.selenium.WebDriver.manage()" because "store.Base.BaseClass.driver" is null
at store.Base.BaseClass.launchApp(BaseClass.java:35)
at My_store_test_cases.Search_result_page_TestJava.setUp(Search_result_page_TestJava.java:28)
at java.base/java.util.ArrayList.forEach(ArrayList.java:1597)
... Removed 29 stack frames]]>
    </failure>
  </testcase> <!-- @BeforeMethod setUp -->
  <testcase classname="My_store_test_cases.Search_result_page_TestJava" name="@AfterMethod Teardown" time="0.0">
    <skipped/>
  </testcase> <!-- @AfterMethod Teardown -->
  <testcase classname="My_store_test_cases.AddTocartTest" name="addToCartPage" time="0.0">
    <skipped/>
  </testcase> <!-- addToCartPage -->
  <testcase classname="My_store_test_cases.HomePagetest" name="Validate_my_adress" time="0.0">
    <skipped/>
  </testcase> <!-- Validate_my_adress -->
  <testcase classname="My_store_test_cases.AcountcreationPagetest" name="verifyCreateAcontPage" time="0.0">
    <skipped/>
  </testcase> <!-- verifyCreateAcontPage -->
  <testcase classname="My_store_test_cases.Index_test_page" name="VerifyLogo" time="0.0">
    <skipped/>
  </testcase> <!-- VerifyLogo -->
  <testcase classname="My_store_test_cases.Index_test_page" name="verifyTitle" time="0.0">
    <skipped/>
  </testcase> <!-- verifyTitle -->
  <testcase classname="My_store_test_cases.Login_Page_Test" name="LoginTest" time="0.0">
    <skipped/>
  </testcase> <!-- LoginTest -->
  <testcase classname="My_store_test_cases.OrderSummertyTest" name="verifyOrder" time="0.0">
    <skipped/>
  </testcase> <!-- verifyOrder -->
  <testcase classname="My_store_test_cases.ordertestPages" name="verifyTotalPrise" time="0.0">
    <skipped/>
  </testcase> <!-- verifyTotalPrise -->
  <testcase classname="My_store_test_cases.Search_result_page_TestJava" name="ProductAvalibalityTest" time="0.0">
    <skipped/>
  </testcase> <!-- ProductAvalibalityTest -->
  <testcase classname="store.Base.BaseClass" name="@BeforeTest loadConfig" time="0.0">
    <ignored/>
  </testcase> <!-- @BeforeTest loadConfig -->
  <testcase classname="store.Base.BaseClass" name="@BeforeTest loadConfig" time="0.0">
    <ignored/>
  </testcase> <!-- @BeforeTest loadConfig -->
  <testcase classname="store.Base.BaseClass" name="@BeforeTest loadConfig" time="0.0">
    <ignored/>
  </testcase> <!-- @BeforeTest loadConfig -->
  <testcase classname="store.Base.BaseClass" name="@BeforeTest loadConfig" time="0.0">
    <ignored/>
  </testcase> <!-- @BeforeTest loadConfig -->
  <testcase classname="store.Base.BaseClass" name="@BeforeTest loadConfig" time="0.0">
    <ignored/>
  </testcase> <!-- @BeforeTest loadConfig -->
  <testcase classname="store.Base.BaseClass" name="@BeforeTest loadConfig" time="0.0">
    <ignored/>
  </testcase> <!-- @BeforeTest loadConfig -->
  <testcase classname="store.Base.BaseClass" name="@BeforeTest loadConfig" time="0.0">
    <ignored/>
  </testcase> <!-- @BeforeTest loadConfig -->
</testsuite> <!-- Test -->
